<?xml version='1.0' encoding='UTF-8'?>
<testsuite hostname="Lassi" name="reactor.QueueSemanticsTest" tests="4" errors="0" failures="0" skipped="0" time="0.045" timestamp="2022-07-30T21:42:39">
          <properties>
[...]
</properties>
          <testcase classname="reactor.QueueSemanticsTest" name="the queue is empty when created" time="0.035">
                      
                    </testcase><testcase classname="reactor.QueueSemanticsTest" name="the queue returns inserted elements" time="0.003">
                      
                    </testcase><testcase classname="reactor.QueueSemanticsTest" name="the queue retains the order of elements" time="0.0">
                      
                    </testcase><testcase classname="reactor.QueueSemanticsTest" name="the queue implements getAll" time="0.007">
                      
                    </testcase>
          <system-out><![CDATA[]]></system-out>
          <system-err><![CDATA[]]></system-err>
        </testsuite>